[22Jul2025 00:02:21.705] [Server thread/INFO] [net.minecraft.server.MinecraftServer/]: Larito has completed the challenge [Breaking the Maze]
[22Jul2025 00:05:53.503] [Server thread/INFO] [net.minecraft.server.network.ServerGamePacketListenerImpl/]: Larito lost connection: You logged in from another location
[22Jul2025 00:05:53.503] [Server thread/INFO] [net.minecraft.server.MinecraftServer/]: Larito left the game
[22Jul2025 00:05:53.512] [Server thread/INFO] [net.minecraft.server.players.PlayerList/]: Larito[/127.231.224.106:35391] logged in with entity id 46066 at (606.5160002533747, 73.0, -418.16605257996554)
[22Jul2025 00:05:53.514] [Server thread/INFO] [ModdingLegacy/blue_skies/]: Sending ToolHandleTypeManager to Larito
[22Jul2025 00:05:53.514] [Server thread/INFO] [ModdingLegacy/blue_skies/]: Sending SnowcapOvenFreezingManager to Larito
[22Jul2025 00:05:53.514] [Server thread/INFO] [ModdingLegacy/blue_skies/]: Sending HorizoniteForgeFuelManager to Larito
[22Jul2025 00:05:53.514] [Server thread/INFO] [ModdingLegacy/blue_skies/]: Sending AlchemyRecipeManager to Larito
[22Jul2025 00:05:53.516] [Server thread/INFO] [ModdingLegacy/blue_skies/]: Sending JournalEntryManager to Larito
[22Jul2025 00:05:53.518] [Server thread/INFO] [ModdingLegacy/blue_skies/]: Sending JournalSectionManager to Larito
[22Jul2025 00:05:53.518] [Server thread/INFO] [ModdingLegacy/blue_skies/]: Sending JournalRequirementManager to Larito
[22Jul2025 00:05:53.521] [Server thread/INFO] [org.betterx.worlds.together.util.Logger/]: [betternether] Freeze Registry[ResourceKey[minecraft:root / worlds_together:worldgen/betterx/surface_rules] (Stable)]
[22Jul2025 00:05:53.527] [Server thread/INFO] [net.minecraft.server.MinecraftServer/]: Larito joined the game
[22Jul2025 00:05:53.561] [Server thread/INFO] [Jade/]: Syncing config to Larito (9f3f0361-7637-38d6-90c1-b224cf6f6bcb)
[22Jul2025 00:05:53.855] [Server thread/INFO] [org.betterx.worlds.together.util.Logger/]: [bclib] Received Hello from Client. (server=3.0.14, client=3.0.14)
[22Jul2025 00:05:53.855] [Server thread/INFO] [org.betterx.worlds.together.util.Logger/]: [bclib] Sending Hello to Client. (server=3.0.14)
[22Jul2025 00:05:53.855] [Server thread/INFO] [org.betterx.worlds.together.util.Logger/]: [bclib] 	- Listing Mod betternether v9.0.10 (size: 21.9 MiB, download=true)
[22Jul2025 00:05:53.855] [Server thread/INFO] [org.betterx.worlds.together.util.Logger/]: [bclib] 	- Listing Mod bclib v3.0.14 (size: 2.2 MiB, download=true)
[22Jul2025 00:05:53.856] [Server thread/INFO] [org.betterx.worlds.together.util.Logger/]: [bclib] 	- Offering Config bclib.CONFIG_betternether.main
[22Jul2025 00:05:53.856] [Server thread/INFO] [org.betterx.worlds.together.util.Logger/]: [bclib] 	- Offering Config bclib.CONFIG_betternether.generator
[22Jul2025 00:05:53.856] [Server thread/INFO] [org.betterx.worlds.together.util.Logger/]: [bclib] 	- Offering Config bclib.CONFIG_betternether.blocks
[22Jul2025 00:05:53.856] [Server thread/INFO] [org.betterx.worlds.together.util.Logger/]: [bclib] 	- Offering Config bclib.CONFIG_betternether.items
[22Jul2025 00:05:53.856] [Server thread/INFO] [org.betterx.worlds.together.util.Logger/]: [bclib] 	- Offering Config bclib.CONFIG_betternether.biomes
[22Jul2025 00:05:53.856] [Server thread/INFO] [org.betterx.worlds.together.util.Logger/]: [bclib] 	- Offering Config bclib.CONFIG_betternether.mobs
[22Jul2025 00:05:53.856] [Server thread/INFO] [org.betterx.worlds.together.util.Logger/]: [bclib] 	- Offering Config bclib.CONFIG_betterend.entities
[22Jul2025 00:05:53.856] [Server thread/INFO] [org.betterx.worlds.together.util.Logger/]: [bclib] 	- Offering Config bclib.CONFIG_betterend.blocks
[22Jul2025 00:05:53.856] [Server thread/INFO] [org.betterx.worlds.together.util.Logger/]: [bclib] 	- Offering Config bclib.CONFIG_betterend.items
[22Jul2025 00:05:53.856] [Server thread/INFO] [org.betterx.worlds.together.util.Logger/]: [bclib] 	- Offering Config bclib.CONFIG_betterend.enchantments
[22Jul2025 00:05:53.856] [Server thread/INFO] [org.betterx.worlds.together.util.Logger/]: [bclib] 	- Offering Config bclib.CONFIG_bclib.generator
[22Jul2025 00:05:53.856] [Server thread/INFO] [org.betterx.worlds.together.util.Logger/]: [bclib] 	- Offering Config bclib.CONFIG_bclib.main
[22Jul2025 00:05:53.856] [Server thread/INFO] [org.betterx.worlds.together.util.Logger/]: [bclib] 	- Offering Config bclib.CONFIG_bclib.biomes
[22Jul2025 00:05:53.856] [Server thread/INFO] [org.betterx.worlds.together.util.Logger/]: [bclib] 	- Offering Folder /workspaces/serverMc/servidor_minecraft/bclib-sync (allowDelete=true)
